<?xml version="1.0" encoding="UTF-8"?>
<testsuite name="메인 테스트임돵" tests="1" skipped="0" failures="0" errors="0" timestamp="2021-11-25T08:01:08" hostname="Sol.local" time="0.014">
  <properties/>
  <testcase name="계좌 시나리오 - 잔고 이상의 출금을 요청하는가?" classname="Main" time="0.014"/>
  <system-out><![CDATA[잔고가 부족합니다.
]]></system-out>
  <system-err><![CDATA[]]></system-err>
</testsuite>
